{
  "RSpec": {
    "coverage": {
      "/home/theresa/ROR/ticketee/spec/support/factories/project_factory.rb": [
        1,
        1,
        1,
        null,
        null
      ],
      "/home/theresa/ROR/ticketee/spec/support/factories/ticket_factory.rb": [
        1,
        1,
        1,
        1,
        null,
        null,
        null
      ],
      "/home/theresa/ROR/ticketee/spec/controllers/tickets_controller_spec.rb": [
        1,
        null,
        1,
        null,
        null
      ],
      "/home/theresa/ROR/ticketee/spec/integration/creating_projects_spec.rb": [
        1,
        null,
        1,
        null,
        1,
        2,
        2,
        null,
        null,
        1,
        1,
        1,
        1,
        1,
        null,
        1,
        1,
        1,
        1,
        null,
        null,
        1,
        1,
        1,
        1,
        null,
        null,
        null,
        null
      ],
      "/home/theresa/ROR/ticketee/spec/integration/creating_tickets_spec.rb": [
        1,
        null,
        1,
        null,
        1,
        3,
        3,
        3,
        3,
        null,
        null,
        1,
        1,
        1,
        1,
        1,
        null,
        null,
        1,
        1,
        1,
        1,
        1,
        null,
        null,
        1,
        1,
        1,
        1,
        1,
        1,
        null,
        null,
        null,
        null
      ],
      "/home/theresa/ROR/ticketee/spec/integration/deleting_projects_spec.rb": [
        1,
        null,
        1,
        1,
        1,
        1,
        1,
        1,
        1,
        null,
        1,
        1,
        null,
        null
      ],
      "/home/theresa/ROR/ticketee/spec/integration/deleting_tickets_spec.rb": [
        1,
        null,
        1,
        2,
        2,
        null,
        1,
        1,
        1,
        1,
        null,
        null,
        1,
        1,
        1,
        1,
        null,
        null,
        null,
        null
      ],
      "/home/theresa/ROR/ticketee/spec/integration/editing_projects_spec.rb": [
        1,
        null,
        1,
        null,
        1,
        2,
        2,
        2,
        2,
        null,
        null,
        1,
        1,
        1,
        1,
        null,
        null,
        1,
        1,
        1,
        1,
        null,
        null,
        null
      ],
      "/home/theresa/ROR/ticketee/spec/integration/editing_tickets_spec.rb": [
        1,
        null,
        1,
        3,
        3,
        null,
        1,
        2,
        2,
        2,
        2,
        null,
        null,
        1,
        1,
        1,
        1,
        1,
        1,
        null,
        1,
        null,
        null,
        1,
        1,
        1,
        1,
        null,
        null,
        null
      ],
      "/home/theresa/ROR/ticketee/spec/integration/signing_up_spec.rb": [
        1,
        null,
        1,
        1,
        1,
        1,
        1,
        1,
        1,
        1,
        1,
        null,
        null
      ],
      "/home/theresa/ROR/ticketee/spec/integration/viewing_projects_spec.rb": [
        1,
        null,
        1,
        1,
        1,
        1,
        1,
        1,
        null,
        null
      ],
      "/home/theresa/ROR/ticketee/spec/integration/viewing_tickets_spec.rb": [
        1,
        null,
        1,
        1,
        1,
        1,
        null,
        null,
        null,
        null,
        1,
        null,
        1,
        null,
        null,
        null,
        null,
        1,
        null,
        null,
        1,
        1,
        1,
        1,
        null,
        1,
        1,
        1,
        null,
        1,
        null,
        null,
        null,
        null,
        null
      ]
    },
    "timestamp": 1367096800
  }
}
