{
  "RSpec": {
    "coverage": {
      "/home/theresa/ROR/ticketee/spec/support/capybara_helpers.rb": [
        1,
        null,
        1,
        6,
        null,
        null,
        null,
        1,
        3,
        null,
        null,
        null,
        null,
        null,
        1,
        1,
        null,
        null
      ],
      "/home/theresa/ROR/ticketee/spec/support/authentication_helpers.rb": [
        1,
        1,
        17,
        17,
        17,
        17,
        17,
        null,
        null,
        null,
        1,
        1,
        null,
        null
      ],
      "/home/theresa/ROR/ticketee/spec/support/factories/project_factory.rb": [
        1,
        1,
        1,
        null,
        null
      ],
      "/home/theresa/ROR/ticketee/spec/support/factories/ticket_factory.rb": [
        1,
        1,
        1,
        1,
        null,
        null,
        null
      ],
      "/home/theresa/ROR/ticketee/spec/support/factories/user_factory.rb": [
        1,
        null,
        1,
        25,
        null,
        1,
        1,
        null,
        1,
        1,
        12,
        null,
        null,
        null,
        1,
        1,
        11,
        11,
        null,
        null,
        null,
        null,
        null,
        null,
        null,
        null,
        null
      ],
      "/home/theresa/ROR/ticketee/spec/controllers/projects_controller_spec.rb": [
        1,
        null,
        1,
        null,
        6,
        6,
        null,
        1,
        1,
        5,
        null,
        null,
        null,
        null,
        null,
        null,
        null,
        null,
        null,
        null,
        1,
        5,
        5,
        5,
        5,
        5,
        null,
        null,
        null,
        null,
        null,
        1,
        1,
        1,
        1,
        1,
        null,
        null
      ],
      "/home/theresa/ROR/ticketee/spec/controllers/tickets_controller_spec.rb": [
        1,
        null,
        1,
        null,
        null
      ],
      "/home/theresa/ROR/ticketee/spec/integration/admin/creating_users_spec.rb": [
        1,
        null,
        1,
        4,
        null,
        1,
        3,
        3,
        3,
        3,
        3,
        null,
        null,
        1,
        1,
        1,
        1,
        1,
        null,
        null,
        1,
        1,
        1,
        1,
        1,
        1,
        null,
        null,
        1,
        1,
        1,
        1,
        1,
        1,
        1,
        1,
        null,
        null,
        null,
        null
      ],
      "/home/theresa/ROR/ticketee/spec/integration/creating_projects_spec.rb": [
        1,
        null,
        1,
        null,
        1,
        2,
        2,
        2,
        null,
        null,
        1,
        1,
        1,
        1,
        1,
        null,
        1,
        1,
        1,
        1,
        null,
        null,
        1,
        1,
        1,
        1,
        null,
        null,
        null,
        null
      ],
      "/home/theresa/ROR/ticketee/spec/integration/creating_tickets_spec.rb": [
        1,
        null,
        1,
        null,
        1,
        3,
        3,
        3,
        null,
        3,
        3,
        3,
        3,
        3,
        null,
        3,
        3,
        3,
        6,
        null,
        null,
        1,
        1,
        1,
        1,
        1,
        1,
        1,
        null,
        null,
        null,
        1,
        1,
        1,
        1,
        1,
        null,
        null,
        1,
        1,
        1,
        1,
        1,
        1,
        null,
        null,
        null,
        null
      ],
      "/home/theresa/ROR/ticketee/spec/integration/deleting_projects_spec.rb": [
        1,
        null,
        1,
        1,
        1,
        null,
        1,
        1,
        1,
        1,
        1,
        1,
        null,
        1,
        1,
        null,
        null
      ],
      "/home/theresa/ROR/ticketee/spec/integration/deleting_tickets_spec.rb": [
        1,
        null,
        1,
        2,
        2,
        1,
        1,
        1,
        1,
        null,
        null,
        1,
        1,
        1,
        1,
        1,
        null,
        null,
        1,
        1,
        1,
        1,
        null,
        null,
        null,
        null
      ],
      "/home/theresa/ROR/ticketee/spec/integration/editing_projects_spec.rb": [
        1,
        null,
        1,
        null,
        1,
        null,
        null,
        2,
        2,
        2,
        2,
        2,
        null,
        null,
        1,
        1,
        1,
        1,
        null,
        null,
        1,
        1,
        1,
        1,
        null,
        null,
        null
      ],
      "/home/theresa/ROR/ticketee/spec/integration/editing_tickets_spec.rb": [
        1,
        null,
        1,
        3,
        3,
        1,
        2,
        2,
        2,
        null,
        null,
        1,
        2,
        2,
        2,
        2,
        2,
        null,
        null,
        1,
        1,
        1,
        1,
        1,
        1,
        null,
        1,
        null,
        null,
        1,
        1,
        1,
        1,
        null,
        null,
        null
      ],
      "/home/theresa/ROR/ticketee/spec/integration/hidden_links_spec.rb": [
        1,
        null,
        1,
        4,
        4,
        7,
        null,
        1,
        null,
        1,
        1,
        1,
        null,
        null,
        1,
        1,
        1,
        null,
        null,
        1,
        1,
        1,
        null,
        null,
        null,
        null,
        1,
        4,
        null,
        1,
        1,
        1,
        null,
        null,
        1,
        1,
        1,
        null,
        null,
        1,
        1,
        1,
        null,
        null,
        null,
        null,
        1,
        4,
        null,
        1,
        1,
        1,
        null,
        null,
        1,
        1,
        1,
        null,
        null,
        1,
        1,
        1,
        null,
        null,
        null,
        null,
        null,
        null
      ],
      "/home/theresa/ROR/ticketee/spec/integration/signing_in_spec.rb": [
        1,
        null,
        1,
        1,
        2,
        null,
        null,
        1,
        1,
        null,
        1,
        1,
        1,
        1,
        1,
        null,
        null,
        1,
        1,
        1,
        1,
        1,
        1,
        1,
        1,
        null,
        null,
        null,
        null
      ],
      "/home/theresa/ROR/ticketee/spec/integration/signing_up_spec.rb": [
        1,
        null,
        1,
        1,
        1,
        1,
        1,
        1,
        1,
        1,
        1,
        1,
        null,
        null
      ],
      "/home/theresa/ROR/ticketee/spec/integration/viewing_projects_spec.rb": [
        1,
        null,
        1,
        1,
        1,
        1,
        1,
        1,
        null,
        null
      ],
      "/home/theresa/ROR/ticketee/spec/integration/viewing_tickets_spec.rb": [
        1,
        null,
        1,
        1,
        1,
        1,
        1,
        null,
        null,
        null,
        1,
        null,
        1,
        null,
        1,
        null,
        null,
        null,
        null,
        1,
        null,
        null,
        1,
        1,
        1,
        1,
        null,
        1,
        1,
        1,
        null,
        1,
        null,
        null,
        null,
        null,
        null
      ]
    },
    "timestamp": 1367987116
  }
}
